This is pdfTeX, Version 3.141592653-2.6-1.40.26 (TeX Live 2024) (preloaded format=pdflatex 2024.3.15)  17 APR 2024 00:14
entering extended mode
 restricted \write18 enabled.
 file:line:error style messages enabled.
 %&-line parsing enabled.
**/Users/garethdavies/Development/workspaces/garethmd.github.io/articles/rnn-covariates.tex
(/Users/garethdavies/Development/workspaces/garethmd.github.io/articles/rnn-covariates.tex
LaTeX2e <2023-11-01> patch level 1
L3 programming layer <2024-02-20>
(/usr/local/texlive/2024/texmf-dist/tex/latex/base/article.cls
Document Class: article 2023/05/17 v1.4n Standard LaTeX document class
(/usr/local/texlive/2024/texmf-dist/tex/latex/base/size10.clo
File: size10.clo 2023/05/17 v1.4n Standard LaTeX file (size option)
)
\c@part=\count188
\c@section=\count189
\c@subsection=\count190
\c@subsubsection=\count191
\c@paragraph=\count192
\c@subparagraph=\count193
\c@figure=\count194
\c@table=\count195
\abovecaptionskip=\skip48
\belowcaptionskip=\skip49
\bibindent=\dimen140
) (./neurips_2024.sty
Package: neurips_2024 2024/03/31 NeurIPS 2024 submission/camera-ready style file
 (/usr/local/texlive/2024/texmf-dist/tex/latex/environ/environ.sty
Package: environ 2014/05/04 v0.3 A new way to define environments
 (/usr/local/texlive/2024/texmf-dist/tex/latex/trimspaces/trimspaces.sty
Package: trimspaces 2009/09/17 v1.1 Trim spaces around a token list
)
\@envbody=\toks17
) (/usr/local/texlive/2024/texmf-dist/tex/latex/natbib/natbib.sty
Package: natbib 2010/09/13 8.31b (PWD, AO)
\bibhang=\skip50
\bibsep=\skip51
LaTeX Info: Redefining \cite on input line 694.
\c@NAT@ctr=\count196
) (/usr/local/texlive/2024/texmf-dist/tex/latex/geometry/geometry.sty
Package: geometry 2020/01/02 v5.9 Page Geometry
 (/usr/local/texlive/2024/texmf-dist/tex/latex/graphics/keyval.sty
Package: keyval 2022/05/29 v1.15 key=value parser (DPC)
\KV@toks@=\toks18
) (/usr/local/texlive/2024/texmf-dist/tex/generic/iftex/ifvtex.sty
Package: ifvtex 2019/10/25 v1.7 ifvtex legacy package. Use iftex instead.
 (/usr/local/texlive/2024/texmf-dist/tex/generic/iftex/iftex.sty
Package: iftex 2022/02/03 v1.0f TeX engine tests
))
\Gm@cnth=\count197
\Gm@cntv=\count198
\c@Gm@tempcnt=\count199
\Gm@bindingoffset=\dimen141
\Gm@wd@mp=\dimen142
\Gm@odd@mp=\dimen143
\Gm@even@mp=\dimen144
\Gm@layoutwidth=\dimen145
\Gm@layoutheight=\dimen146
\Gm@layouthoffset=\dimen147
\Gm@layoutvoffset=\dimen148
\Gm@dimlist=\toks19
)
\@neuripsabovecaptionskip=\skip52
\@neuripsbelowcaptionskip=\skip53
) (/usr/local/texlive/2024/texmf-dist/tex/latex/graphics/graphicx.sty
Package: graphicx 2021/09/16 v1.2d Enhanced LaTeX Graphics (DPC,SPQR)
 (/usr/local/texlive/2024/texmf-dist/tex/latex/graphics/graphics.sty
Package: graphics 2022/03/10 v1.4e Standard LaTeX Graphics (DPC,SPQR)
 (/usr/local/texlive/2024/texmf-dist/tex/latex/graphics/trig.sty
Package: trig 2021/08/11 v1.11 sin cos tan (DPC)
) (/usr/local/texlive/2024/texmf-dist/tex/latex/graphics-cfg/graphics.cfg
File: graphics.cfg 2016/06/04 v1.11 sample graphics configuration
)
Package graphics Info: Driver file: pdftex.def on input line 107.
 (/usr/local/texlive/2024/texmf-dist/tex/latex/graphics-def/pdftex.def
File: pdftex.def 2022/09/22 v1.2b Graphics/color driver for pdftex
))
\Gin@req@height=\dimen149
\Gin@req@width=\dimen150
) (/usr/local/texlive/2024/texmf-dist/tex/latex/hyperref/hyperref.sty
Package: hyperref 2024-01-20 v7.01h Hypertext links for LaTeX
 (/usr/local/texlive/2024/texmf-dist/tex/latex/kvsetkeys/kvsetkeys.sty
Package: kvsetkeys 2022-10-05 v1.19 Key value parser (HO)
) (/usr/local/texlive/2024/texmf-dist/tex/generic/kvdefinekeys/kvdefinekeys.sty
Package: kvdefinekeys 2019-12-19 v1.6 Define keys (HO)
) (/usr/local/texlive/2024/texmf-dist/tex/generic/pdfescape/pdfescape.sty
Package: pdfescape 2019/12/09 v1.15 Implements pdfTeX's escape features (HO)
 (/usr/local/texlive/2024/texmf-dist/tex/generic/ltxcmds/ltxcmds.sty
Package: ltxcmds 2023-12-04 v1.26 LaTeX kernel commands for general use (HO)
) (/usr/local/texlive/2024/texmf-dist/tex/generic/pdftexcmds/pdftexcmds.sty
Package: pdftexcmds 2020-06-27 v0.33 Utility functions of pdfTeX for LuaTeX (HO)
 (/usr/local/texlive/2024/texmf-dist/tex/generic/infwarerr/infwarerr.sty
Package: infwarerr 2019/12/03 v1.5 Providing info/warning/error messages (HO)
)
Package pdftexcmds Info: \pdf@primitive is available.
Package pdftexcmds Info: \pdf@ifprimitive is available.
Package pdftexcmds Info: \pdfdraftmode found.
)) (/usr/local/texlive/2024/texmf-dist/tex/latex/hycolor/hycolor.sty
Package: hycolor 2020-01-27 v1.10 Color options for hyperref/bookmark (HO)
) (/usr/local/texlive/2024/texmf-dist/tex/latex/auxhook/auxhook.sty
Package: auxhook 2019-12-17 v1.6 Hooks for auxiliary files (HO)
) (/usr/local/texlive/2024/texmf-dist/tex/latex/hyperref/nameref.sty
Package: nameref 2023-11-26 v2.56 Cross-referencing by name of section
 (/usr/local/texlive/2024/texmf-dist/tex/latex/refcount/refcount.sty
Package: refcount 2019/12/15 v3.6 Data extraction from label references (HO)
) (/usr/local/texlive/2024/texmf-dist/tex/generic/gettitlestring/gettitlestring.sty
Package: gettitlestring 2019/12/15 v1.6 Cleanup title references (HO)
 (/usr/local/texlive/2024/texmf-dist/tex/latex/kvoptions/kvoptions.sty
Package: kvoptions 2022-06-15 v3.15 Key value format for package options (HO)
))
\c@section@level=\count266
) (/usr/local/texlive/2024/texmf-dist/tex/latex/etoolbox/etoolbox.sty
Package: etoolbox 2020/10/05 v2.5k e-TeX tools for LaTeX (JAW)
\etb@tempcnta=\count267
)
\@linkdim=\dimen151
\Hy@linkcounter=\count268
\Hy@pagecounter=\count269
 (/usr/local/texlive/2024/texmf-dist/tex/latex/hyperref/pd1enc.def
File: pd1enc.def 2024-01-20 v7.01h Hyperref: PDFDocEncoding definition (HO)
Now handling font encoding PD1 ...
... no UTF-8 mapping file for font encoding PD1
) (/usr/local/texlive/2024/texmf-dist/tex/generic/intcalc/intcalc.sty
Package: intcalc 2019/12/15 v1.3 Expandable calculations with integers (HO)
)
\Hy@SavedSpaceFactor=\count270
 (/usr/local/texlive/2024/texmf-dist/tex/latex/hyperref/puenc.def
File: puenc.def 2024-01-20 v7.01h Hyperref: PDF Unicode definition (HO)
Now handling font encoding PU ...
... no UTF-8 mapping file for font encoding PU
)
Package hyperref Info: Hyper figures OFF on input line 4179.
Package hyperref Info: Link nesting OFF on input line 4184.
Package hyperref Info: Hyper index ON on input line 4187.
Package hyperref Info: Plain pages OFF on input line 4194.
Package hyperref Info: Backreferencing OFF on input line 4199.
Package hyperref Info: Implicit mode ON; LaTeX internals redefined.
Package hyperref Info: Bookmarks ON on input line 4446.
\c@Hy@tempcnt=\count271
 (/usr/local/texlive/2024/texmf-dist/tex/latex/url/url.sty
\Urlmuskip=\muskip16
Package: url 2013/09/16  ver 3.4  Verb mode for urls, etc.
)
LaTeX Info: Redefining \url on input line 4784.
\XeTeXLinkMargin=\dimen152
 (/usr/local/texlive/2024/texmf-dist/tex/generic/bitset/bitset.sty
Package: bitset 2019/12/09 v1.3 Handle bit-vector datatype (HO)
 (/usr/local/texlive/2024/texmf-dist/tex/generic/bigintcalc/bigintcalc.sty
Package: bigintcalc 2019/12/15 v1.5 Expandable calculations on big integers (HO)
))
\Fld@menulength=\count272
\Field@Width=\dimen153
\Fld@charsize=\dimen154
Package hyperref Info: Hyper figures OFF on input line 6063.
Package hyperref Info: Link nesting OFF on input line 6068.
Package hyperref Info: Hyper index ON on input line 6071.
Package hyperref Info: backreferencing OFF on input line 6078.
Package hyperref Info: Link coloring OFF on input line 6083.
Package hyperref Info: Link coloring with OCG OFF on input line 6088.
Package hyperref Info: PDF/A mode OFF on input line 6093.
 (/usr/local/texlive/2024/texmf-dist/tex/latex/base/atbegshi-ltx.sty
Package: atbegshi-ltx 2021/01/10 v1.0c Emulation of the original atbegshi
package with kernel methods
)
\Hy@abspage=\count273
\c@Item=\count274
\c@Hfootnote=\count275
)
Package hyperref Info: Driver (autodetected): hpdftex.
 (/usr/local/texlive/2024/texmf-dist/tex/latex/hyperref/hpdftex.def
File: hpdftex.def 2024-01-20 v7.01h Hyperref driver for pdfTeX
 (/usr/local/texlive/2024/texmf-dist/tex/latex/base/atveryend-ltx.sty
Package: atveryend-ltx 2020/08/19 v1.0a Emulation of the original atveryend package
with kernel methods
)
\Fld@listcount=\count276
\c@bookmark@seq@number=\count277
 (/usr/local/texlive/2024/texmf-dist/tex/latex/rerunfilecheck/rerunfilecheck.sty
Package: rerunfilecheck 2022-07-10 v1.10 Rerun checks for auxiliary files (HO)
 (/usr/local/texlive/2024/texmf-dist/tex/generic/uniquecounter/uniquecounter.sty
Package: uniquecounter 2019/12/15 v1.4 Provide unlimited unique counter (HO)
)
Package uniquecounter Info: New unique counter `rerunfilecheck' on input line 285.
)
\Hy@SectionHShift=\skip54
) (/usr/local/texlive/2024/texmf-dist/tex/latex/preprint/authblk.sty
Package: authblk 2001/02/27 1.3 (PWD)
\affilsep=\skip55
\@affilsep=\skip56
\c@Maxaffil=\count278
\c@authors=\count279
\c@affil=\count280
) (/usr/local/texlive/2024/texmf-dist/tex/latex/amsmath/amsmath.sty
Package: amsmath 2023/05/13 v2.17o AMS math features
\@mathmargin=\skip57

For additional information on amsmath, use the `?' option.
(/usr/local/texlive/2024/texmf-dist/tex/latex/amsmath/amstext.sty
Package: amstext 2021/08/26 v2.01 AMS text
 (/usr/local/texlive/2024/texmf-dist/tex/latex/amsmath/amsgen.sty
File: amsgen.sty 1999/11/30 v2.0 generic functions
\@emptytoks=\toks20
\ex@=\dimen155
)) (/usr/local/texlive/2024/texmf-dist/tex/latex/amsmath/amsbsy.sty
Package: amsbsy 1999/11/29 v1.2d Bold Symbols
\pmbraise@=\dimen156
) (/usr/local/texlive/2024/texmf-dist/tex/latex/amsmath/amsopn.sty
Package: amsopn 2022/04/08 v2.04 operator names
)
\inf@bad=\count281
LaTeX Info: Redefining \frac on input line 234.
\uproot@=\count282
\leftroot@=\count283
LaTeX Info: Redefining \overline on input line 399.
LaTeX Info: Redefining \colon on input line 410.
\classnum@=\count284
\DOTSCASE@=\count285
LaTeX Info: Redefining \ldots on input line 496.
LaTeX Info: Redefining \dots on input line 499.
LaTeX Info: Redefining \cdots on input line 620.
\Mathstrutbox@=\box51
\strutbox@=\box52
LaTeX Info: Redefining \big on input line 722.
LaTeX Info: Redefining \Big on input line 723.
LaTeX Info: Redefining \bigg on input line 724.
LaTeX Info: Redefining \Bigg on input line 725.
\big@size=\dimen157
LaTeX Font Info:    Redeclaring font encoding OML on input line 743.
LaTeX Font Info:    Redeclaring font encoding OMS on input line 744.
\macc@depth=\count286
LaTeX Info: Redefining \bmod on input line 905.
LaTeX Info: Redefining \pmod on input line 910.
LaTeX Info: Redefining \smash on input line 940.
LaTeX Info: Redefining \relbar on input line 970.
LaTeX Info: Redefining \Relbar on input line 971.
\c@MaxMatrixCols=\count287
\dotsspace@=\muskip17
\c@parentequation=\count288
\dspbrk@lvl=\count289
\tag@help=\toks21
\row@=\count290
\column@=\count291
\maxfields@=\count292
\andhelp@=\toks22
\eqnshift@=\dimen158
\alignsep@=\dimen159
\tagshift@=\dimen160
\tagwidth@=\dimen161
\totwidth@=\dimen162
\lineht@=\dimen163
\@envbody=\toks23
\multlinegap=\skip58
\multlinetaggap=\skip59
\mathdisplay@stack=\toks24
LaTeX Info: Redefining \[ on input line 2953.
LaTeX Info: Redefining \] on input line 2954.
) (/usr/local/texlive/2024/texmf-dist/tex/latex/csvsimple/csvsimple.sty
Package: csvsimple 2024/01/19 v2.6.0 LaTeX CSV file processing
) (/usr/local/texlive/2024/texmf-dist/tex/latex/csvsimple/csvsimple-legacy.sty
Package: csvsimple-legacy 2024/01/19 version 2.6.0 LaTeX2e CSV file processing
 (/usr/local/texlive/2024/texmf-dist/tex/latex/pgf/utilities/pgfrcs.sty (/usr/local/texlive/2024/texmf-dist/tex/generic/pgf/utilities/pgfutil-common.tex
\pgfutil@everybye=\toks25
\pgfutil@tempdima=\dimen164
\pgfutil@tempdimb=\dimen165
) (/usr/local/texlive/2024/texmf-dist/tex/generic/pgf/utilities/pgfutil-latex.def
\pgfutil@abb=\box53
) (/usr/local/texlive/2024/texmf-dist/tex/generic/pgf/utilities/pgfrcs.code.tex (/usr/local/texlive/2024/texmf-dist/tex/generic/pgf/pgf.revision.tex)
Package: pgfrcs 2023-01-15 v3.1.10 (3.1.10)
)) (/usr/local/texlive/2024/texmf-dist/tex/latex/pgf/utilities/pgfkeys.sty (/usr/local/texlive/2024/texmf-dist/tex/generic/pgf/utilities/pgfkeys.code.tex
\pgfkeys@pathtoks=\toks26
\pgfkeys@temptoks=\toks27
 (/usr/local/texlive/2024/texmf-dist/tex/generic/pgf/utilities/pgfkeyslibraryfiltered.code.tex
\pgfkeys@tmptoks=\toks28
))) (/usr/local/texlive/2024/texmf-dist/tex/latex/base/ifthen.sty
Package: ifthen 2022/04/13 v1.1d Standard LaTeX ifthen package (DPC)
) (/usr/local/texlive/2024/texmf-dist/tex/latex/tools/shellesc.sty
Package: shellesc 2023/07/08 v1.0d unified shell escape interface for LaTeX
Package shellesc Info: Restricted shell escape enabled on input line 77.
)
\csv@file=\read2
\c@csvinputline=\count293
\c@csvrow=\count294
\c@csvcol=\count295
\csv@out=\write3
) (/usr/local/texlive/2024/texmf-dist/tex/latex/booktabs/booktabs.sty
Package: booktabs 2020/01/12 v1.61803398 Publication quality tables
\heavyrulewidth=\dimen166
\lightrulewidth=\dimen167
\cmidrulewidth=\dimen168
\belowrulesep=\dimen169
\belowbottomsep=\dimen170
\aboverulesep=\dimen171
\abovetopsep=\dimen172
\cmidrulesep=\dimen173
\cmidrulekern=\dimen174
\defaultaddspace=\dimen175
\@cmidla=\count296
\@cmidlb=\count297
\@aboverulesep=\dimen176
\@belowrulesep=\dimen177
\@thisruleclass=\count298
\@lastruleclass=\count299
\@thisrulewidth=\dimen178
) (/usr/local/texlive/2024/texmf-dist/tex/latex/caption/subcaption.sty
Package: subcaption 2023/07/28 v1.6b Sub-captions (AR)
 (/usr/local/texlive/2024/texmf-dist/tex/latex/caption/caption.sty
Package: caption 2023/08/05 v3.6o Customizing captions (AR)
 (/usr/local/texlive/2024/texmf-dist/tex/latex/caption/caption3.sty
Package: caption3 2023/07/31 v2.4d caption3 kernel (AR)
\caption@tempdima=\dimen179
\captionmargin=\dimen180
\caption@leftmargin=\dimen181
\caption@rightmargin=\dimen182
\caption@width=\dimen183
\caption@indent=\dimen184
\caption@parindent=\dimen185
\caption@hangindent=\dimen186
Package caption Info: Standard document class detected.
)
\c@caption@flags=\count300
\c@continuedfloat=\count301
Package caption Info: hyperref package is loaded.
)
Package caption Info: New subtype `subfigure' on input line 238.
\c@subfigure=\count302
Package caption Info: New subtype `subtable' on input line 238.
\c@subtable=\count303
) (/usr/local/texlive/2024/texmf-dist/tex/latex/multirow/multirow.sty
Package: multirow 2021/03/15 v2.8 Span multiple rows of a table
\multirow@colwidth=\skip60
\multirow@cntb=\count304
\multirow@dima=\skip61
\bigstrutjot=\dimen187
) (/usr/local/texlive/2024/texmf-dist/tex/latex/tabularray/tabularray.sty (/usr/local/texlive/2024/texmf-dist/tex/latex/l3kernel/expl3.sty
Package: expl3 2024-02-20 L3 programming layer (loader) 
 (/usr/local/texlive/2024/texmf-dist/tex/latex/l3backend/l3backend-pdftex.def
File: l3backend-pdftex.def 2024-02-20 L3 backend support: PDF output (pdfTeX)
\l__color_backend_stack_int=\count305
\l__pdf_internal_box=\box54
))
Package: tabularray 2024-02-16 v2024A Typeset tabulars and arrays with LaTeX3
\l__tblr_a_int=\count306
\l__tblr_c_int=\count307
\l__tblr_r_int=\count308
\l__tblr_d_dim=\dimen188
\l__tblr_h_dim=\dimen189
\l__tblr_o_dim=\dimen190
\l__tblr_p_dim=\dimen191
\l__tblr_q_dim=\dimen192
\l__tblr_r_dim=\dimen193
\l__tblr_s_dim=\dimen194
\l__tblr_t_dim=\dimen195
\l__tblr_v_dim=\dimen196
\l__tblr_w_dim=\dimen197
\l__tblr_a_box=\box55
\l__tblr_b_box=\box56
\l__tblr_c_box=\box57
\l__tblr_d_box=\box58
\g__tblr_table_count_int=\count309
\c@rownum=\count310
\c@colnum=\count311
\c@rowcount=\count312
\c@colcount=\count313
\abovesep=\dimen198
\belowsep=\dimen199
\leftsep=\dimen256
\rightsep=\dimen257
\g_tblr_level_int=\count314
\g__tblr_data_row_key_count_int=\count315
\g__tblr_data_column_key_count_int=\count316
\g__tblr_data_cell_key_count_int=\count317
\g__tblr_array_int=\count318
\l__tblr_key_count_int=\count319
\l__tblr_key_quotient_int=\count320
\l__tblr_key_quotient_two_int=\count321
\l__tblr_key_remainder_int=\count322
\g__tblr_data_str_value_count_int=\count323
\rulewidth=\dimen258
\l__tblr_strut_dp_dim=\dimen259
\l__tblr_strut_ht_dim=\dimen260
\g__tblr_cell_wd_dim=\dimen261
\g__tblr_cell_ht_dim=\dimen262
\g__tblr_cell_head_dim=\dimen263
\g__tblr_cell_foot_dim=\dimen264
\l__column_target_dim=\dimen265
\l__tblr_caption_box=\box59
\l__tblr_caption_left_box=\box60
\l__tblr_row_head_box=\box61
\l__tblr_row_foot_box=\box62
\l__tblr_row_head_foot_dim=\dimen266
\tablewidth=\dimen267
\l__tblr_table_firsthead_box=\box63
\l__tblr_table_middlehead_box=\box64
\l__tblr_table_lasthead_box=\box65
\l__tblr_table_firstfoot_box=\box66
\l__tblr_table_middlefoot_box=\box67
\l__tblr_table_lastfoot_box=\box68
\l__tblr_remain_height_dim=\dimen268
\l__tblr_long_from_int=\count324
\l__tblr_long_to_int=\count325
\l__tblr_curr_i_int=\count326
\l__tblr_prev_i_int=\count327
\l__tblr_table_page_int=\count328
\l__tblr_table_head_box=\box69
\l__tblr_table_foot_box=\box70
\l__tblr_table_head_foot_dim=\dimen269
\l__tblr_table_head_body_foot_dim=\dimen270
\l__tblr_table_box=\box71
\l__tblr_table_hlines_box=\box72
\l__tblr_hline_box=\box73
\l__tblr_row_box=\box74
\l__tblr_col_o_wd_dim=\dimen271
\l__tblr_col_b_wd_dim=\dimen272
\l__tblr_hline_leftskip_dim=\dimen273
\l__tblr_hline_rightskip_dim=\dimen274
\l__tblr_row_ht_dim=\dimen275
\l__tblr_row_dp_dim=\dimen276
\l__tblr_row_abovesep_dim=\dimen277
\l__tblr_row_belowsep_dim=\dimen278
\l__tblr_row_vlines_box=\box75
\l__tblr_vline_box=\box76
\l__tblr_cell_box=\box77
\l__row_upper_dim=\dimen279
\l__row_lower_dim=\dimen280
\l__row_vpace_dim=\dimen281
\l__tblr_vline_aboveskip_dim=\dimen282
\l__tblr_vline_belowskip_dim=\dimen283
\l__tblr_cell_wd_dim=\dimen284
\l__tblr_cell_ht_dim=\dimen285
\l__tblr_diag_box=\box78
) (/usr/local/texlive/2024/texmf-dist/tex/latex/threeparttable/threeparttable.sty
Package: threeparttable 2003/06/13  v 3.0
\@tempboxb=\box79
)
LaTeX Font Info:    Trying to load font information for OT1+ptm on input line 96.
 (/usr/local/texlive/2024/texmf-dist/tex/latex/psnfss/ot1ptm.fd
File: ot1ptm.fd 2001/06/04 font definitions for OT1/ptm.
) (./rnn-covariates.aux)
\openout1 = `rnn-covariates.aux'.

LaTeX Font Info:    Checking defaults for OML/cmm/m/it on input line 96.
LaTeX Font Info:    ... okay on input line 96.
LaTeX Font Info:    Checking defaults for OMS/cmsy/m/n on input line 96.
LaTeX Font Info:    ... okay on input line 96.
LaTeX Font Info:    Checking defaults for OT1/cmr/m/n on input line 96.
LaTeX Font Info:    ... okay on input line 96.
LaTeX Font Info:    Checking defaults for T1/cmr/m/n on input line 96.
LaTeX Font Info:    ... okay on input line 96.
LaTeX Font Info:    Checking defaults for TS1/cmr/m/n on input line 96.
LaTeX Font Info:    ... okay on input line 96.
LaTeX Font Info:    Checking defaults for OMX/cmex/m/n on input line 96.
LaTeX Font Info:    ... okay on input line 96.
LaTeX Font Info:    Checking defaults for U/cmr/m/n on input line 96.
LaTeX Font Info:    ... okay on input line 96.
LaTeX Font Info:    Checking defaults for PD1/pdf/m/n on input line 96.
LaTeX Font Info:    ... okay on input line 96.
LaTeX Font Info:    Checking defaults for PU/pdf/m/n on input line 96.
LaTeX Font Info:    ... okay on input line 96.

*geometry* driver: auto-detecting
*geometry* detected driver: pdftex
*geometry* verbose mode - [ preamble ] result:
* driver: pdftex
* paper: letterpaper
* layout: <same size as paper>
* layoutoffset:(h,v)=(0.0pt,0.0pt)
* modes: 
* h-part:(L,W,R)=(92.14519pt, 430.00462pt, 92.14519pt)
* v-part:(T,H,B)=(95.39737pt, 556.47656pt, 143.09605pt)
* \paperwidth=614.295pt
* \paperheight=794.96999pt
* \textwidth=430.00462pt
* \textheight=556.47656pt
* \oddsidemargin=19.8752pt
* \evensidemargin=19.8752pt
* \topmargin=-13.87262pt
* \headheight=12.0pt
* \headsep=25.0pt
* \topskip=10.0pt
* \footskip=30.0pt
* \marginparwidth=65.0pt
* \marginparsep=11.0pt
* \columnsep=10.0pt
* \skip\footins=9.0pt plus 4.0pt minus 2.0pt
* \hoffset=0.0pt
* \voffset=0.0pt
* \mag=1000
* \@twocolumnfalse
* \@twosidefalse
* \@mparswitchfalse
* \@reversemarginfalse
* (1in=72.27pt=25.4mm, 1cm=28.453pt)

*geometry* verbose mode - [ newgeometry ] result:
* driver: pdftex
* paper: letterpaper
* layout: <same size as paper>
* layoutoffset:(h,v)=(0.0pt,0.0pt)
* modes: 
* h-part:(L,W,R)=(108.405pt, 397.48499pt, 108.40501pt)
* v-part:(T,H,B)=(72.26999pt, 650.43pt, 72.27pt)
* \paperwidth=614.295pt
* \paperheight=794.96999pt
* \textwidth=397.48499pt
* \textheight=650.43pt
* \oddsidemargin=36.13501pt
* \evensidemargin=36.13501pt
* \topmargin=-37.0pt
* \headheight=12.0pt
* \headsep=25.0pt
* \topskip=10.0pt
* \footskip=30.0pt
* \marginparwidth=65.0pt
* \marginparsep=11.0pt
* \columnsep=10.0pt
* \skip\footins=9.0pt plus 4.0pt minus 2.0pt
* \hoffset=0.0pt
* \voffset=0.0pt
* \mag=1000
* \@twocolumnfalse
* \@twosidefalse
* \@mparswitchfalse
* \@reversemarginfalse
* (1in=72.27pt=25.4mm, 1cm=28.453pt)

(/usr/local/texlive/2024/texmf-dist/tex/context/base/mkii/supp-pdf.mkii
[Loading MPS to PDF converter (version 2006.09.02).]
\scratchcounter=\count329
\scratchdimen=\dimen286
\scratchbox=\box80
\nofMPsegments=\count330
\nofMParguments=\count331
\everyMPshowfont=\toks29
\MPscratchCnt=\count332
\MPscratchDim=\dimen287
\MPnumerator=\count333
\makeMPintoPDFobject=\count334
\everyMPtoPDFconversion=\toks30
) (/usr/local/texlive/2024/texmf-dist/tex/latex/epstopdf-pkg/epstopdf-base.sty
Package: epstopdf-base 2020-01-24 v2.11 Base part for package epstopdf
Package epstopdf-base Info: Redefining graphics rule for `.eps' on input line 485.
 (/usr/local/texlive/2024/texmf-dist/tex/latex/latexconfig/epstopdf-sys.cfg
File: epstopdf-sys.cfg 2010/07/13 v1.3 Configuration of (r)epstopdf for TeX Live
))
Package hyperref Info: Link coloring OFF on input line 96.
 (./rnn-covariates.out) (./rnn-covariates.out)
\@outlinefile=\write4
\openout4 = `rnn-covariates.out'.

Package caption Info: Begin \AtBeginDocument code.
Package caption Info: threeparttable package is loaded.
Package caption Info: End \AtBeginDocument code.
 [1


{/usr/local/texlive/2024/texmf-var/fonts/map/pdftex/updmap/pdftex.map}{/usr/local/texlive/2024/texmf-dist/fonts/enc/dvips/base/8r.enc}]
Underfull \vbox (badness 10000) has occurred while \output is active []

 [2]
LaTeX Font Info:    Trying to load font information for TS1+ptm on input line 244.
 (/usr/local/texlive/2024/texmf-dist/tex/latex/psnfss/ts1ptm.fd
File: ts1ptm.fd 2001/06/04 font definitions for TS1/ptm.
)
<figures/electricity-pcc.png, id=135, 1084.05pt x 361.35pt>
File: figures/electricity-pcc.png Graphic file (type png)
<use figures/electricity-pcc.png>
Package pdftex.def Info: figures/electricity-pcc.png  used on input line 258.
(pdftex.def)             Requested size: 317.9892pt x 105.99632pt.
 [3] [4 <./figures/electricity-pcc.png>] [5]
Overfull \vbox (2.78075pt too high) detected at line 462
 []


Underfull \vbox (badness 4886) has occurred while \output is active []

 [6]
Overfull \hbox (1.76796pt too wide) in paragraph at lines 498--532
 [] 
 []

<figures/base-lstm_smape_vs_pearson.png, id=203, 1445.4pt x 361.35pt>
File: figures/base-lstm_smape_vs_pearson.png Graphic file (type png)
<use figures/base-lstm_smape_vs_pearson.png>
Package pdftex.def Info: figures/base-lstm_smape_vs_pearson.png  used on input line 541.
(pdftex.def)             Requested size: 357.73405pt x 89.43301pt.
<figures/base-lstm-hospital-sMAPE.png, id=205, 1084.05pt x 433.62pt>
File: figures/base-lstm-hospital-sMAPE.png Graphic file (type png)
<use figures/base-lstm-hospital-sMAPE.png>
Package pdftex.def Info: figures/base-lstm-hospital-sMAPE.png  used on input line 553.
(pdftex.def)             Requested size: 357.73405pt x 143.09503pt.
<figures/tourism_base-lstm_vs_seg-lstm.png, id=207, 1445.4pt x 361.35pt>
File: figures/tourism_base-lstm_vs_seg-lstm.png Graphic file (type png)
<use figures/tourism_base-lstm_vs_seg-lstm.png>
Package pdftex.def Info: figures/tourism_base-lstm_vs_seg-lstm.png  used on input line 565.
(pdftex.def)             Requested size: 397.48499pt x 99.36879pt.
[7 <./figures/base-lstm_smape_vs_pearson.png>]
<figures/base-lstm_traffic_univariate_vs_covariate.png, id=221, 1445.4pt x 361.35pt>
File: figures/base-lstm_traffic_univariate_vs_covariate.png Graphic file (type png)
<use figures/base-lstm_traffic_univariate_vs_covariate.png>
Package pdftex.def Info: figures/base-lstm_traffic_univariate_vs_covariate.png  used on input line 579.
(pdftex.def)             Requested size: 397.48499pt x 99.36879pt.
 [8 <./figures/base-lstm-hospital-sMAPE.png> <./figures/tourism_base-lstm_vs_seg-lstm.png> <./figures/base-lstm_traffic_univariate_vs_covariate.png>] (./rnn-covariates.bbl [9])
<figures/hospital-base-lstm-mae.png, id=238, 1445.4pt x 722.7pt>
File: figures/hospital-base-lstm-mae.png Graphic file (type png)
<use figures/hospital-base-lstm-mae.png>
Package pdftex.def Info: figures/hospital-base-lstm-mae.png  used on input line 763.
(pdftex.def)             Requested size: 357.73405pt x 178.86604pt.
<figures/hospital-base-lstm-rmse.png, id=239, 1445.4pt x 722.7pt>
File: figures/hospital-base-lstm-rmse.png Graphic file (type png)
<use figures/hospital-base-lstm-rmse.png>
Package pdftex.def Info: figures/hospital-base-lstm-rmse.png  used on input line 770.
(pdftex.def)             Requested size: 357.73405pt x 178.86604pt.
<figures/hospital-seg-lstm-smape.png, id=240, 1445.4pt x 722.7pt>
File: figures/hospital-seg-lstm-smape.png Graphic file (type png)
<use figures/hospital-seg-lstm-smape.png>
Package pdftex.def Info: figures/hospital-seg-lstm-smape.png  used on input line 778.
(pdftex.def)             Requested size: 357.73405pt x 178.86604pt.
<figures/hospital-seg-lstm-mae.png, id=241, 1445.4pt x 722.7pt>
File: figures/hospital-seg-lstm-mae.png Graphic file (type png)
<use figures/hospital-seg-lstm-mae.png>
Package pdftex.def Info: figures/hospital-seg-lstm-mae.png  used on input line 785.
(pdftex.def)             Requested size: 357.73405pt x 178.86604pt.
<figures/hospital-seg-lstm-rmse.png, id=242, 1445.4pt x 722.7pt>
File: figures/hospital-seg-lstm-rmse.png Graphic file (type png)
<use figures/hospital-seg-lstm-rmse.png>
Package pdftex.def Info: figures/hospital-seg-lstm-rmse.png  used on input line 792.
(pdftex.def)             Requested size: 357.73405pt x 178.86604pt.
<figures/tourism-base-lstm-mae.png, id=243, 1445.4pt x 722.7pt>
File: figures/tourism-base-lstm-mae.png Graphic file (type png)
<use figures/tourism-base-lstm-mae.png>
Package pdftex.def Info: figures/tourism-base-lstm-mae.png  used on input line 802.
(pdftex.def)             Requested size: 357.73405pt x 178.86604pt.
<figures/tourism-base-lstm-rmse.png, id=244, 1445.4pt x 722.7pt>
File: figures/tourism-base-lstm-rmse.png Graphic file (type png)
<use figures/tourism-base-lstm-rmse.png>
Package pdftex.def Info: figures/tourism-base-lstm-rmse.png  used on input line 809.
(pdftex.def)             Requested size: 357.73405pt x 178.86604pt.
<figures/tourism-seg-lstm-smape.png, id=245, 1445.4pt x 722.7pt>
File: figures/tourism-seg-lstm-smape.png Graphic file (type png)
<use figures/tourism-seg-lstm-smape.png>
Package pdftex.def Info: figures/tourism-seg-lstm-smape.png  used on input line 816.
(pdftex.def)             Requested size: 357.73405pt x 178.86604pt.
<figures/tourism-seg-lstm-mae.png, id=246, 1445.4pt x 722.7pt>
File: figures/tourism-seg-lstm-mae.png Graphic file (type png)
<use figures/tourism-seg-lstm-mae.png>
Package pdftex.def Info: figures/tourism-seg-lstm-mae.png  used on input line 823.
(pdftex.def)             Requested size: 357.73405pt x 178.86604pt.
<figures/tourism-seg-lstm-rmse.png, id=247, 1445.4pt x 722.7pt>
File: figures/tourism-seg-lstm-rmse.png Graphic file (type png)
<use figures/tourism-seg-lstm-rmse.png>
Package pdftex.def Info: figures/tourism-seg-lstm-rmse.png  used on input line 830.
(pdftex.def)             Requested size: 357.73405pt x 178.86604pt.
<figures/traffic-base-lstm-mae.png, id=248, 1445.4pt x 722.7pt>
File: figures/traffic-base-lstm-mae.png Graphic file (type png)
<use figures/traffic-base-lstm-mae.png>
Package pdftex.def Info: figures/traffic-base-lstm-mae.png  used on input line 838.
(pdftex.def)             Requested size: 357.73405pt x 178.86604pt.
<figures/traffic-base-lstm-rmse.png, id=249, 1445.4pt x 722.7pt>
File: figures/traffic-base-lstm-rmse.png Graphic file (type png)
<use figures/traffic-base-lstm-rmse.png>
Package pdftex.def Info: figures/traffic-base-lstm-rmse.png  used on input line 845.
(pdftex.def)             Requested size: 357.73405pt x 178.86604pt.
<figures/traffic-seg-lstm-smape.png, id=250, 1445.4pt x 722.7pt>
File: figures/traffic-seg-lstm-smape.png Graphic file (type png)
<use figures/traffic-seg-lstm-smape.png>
Package pdftex.def Info: figures/traffic-seg-lstm-smape.png  used on input line 852.
(pdftex.def)             Requested size: 357.73405pt x 178.86604pt.
<figures/traffic-seg-lstm-mae.png, id=251, 1445.4pt x 722.7pt>
File: figures/traffic-seg-lstm-mae.png Graphic file (type png)
<use figures/traffic-seg-lstm-mae.png>
Package pdftex.def Info: figures/traffic-seg-lstm-mae.png  used on input line 859.
(pdftex.def)             Requested size: 357.73405pt x 178.86604pt.
<figures/traffic-seg-lstm-rmse.png, id=252, 1445.4pt x 722.7pt>
File: figures/traffic-seg-lstm-rmse.png Graphic file (type png)
<use figures/traffic-seg-lstm-rmse.png>
Package pdftex.def Info: figures/traffic-seg-lstm-rmse.png  used on input line 866.
(pdftex.def)             Requested size: 357.73405pt x 178.86604pt.
<figures/electricity-base-lstm-mae.png, id=253, 1445.4pt x 722.7pt>
File: figures/electricity-base-lstm-mae.png Graphic file (type png)
<use figures/electricity-base-lstm-mae.png>
Package pdftex.def Info: figures/electricity-base-lstm-mae.png  used on input line 874.
(pdftex.def)             Requested size: 357.73405pt x 178.86604pt.
<figures/electricity-base-lstm-rmse.png, id=254, 1445.4pt x 722.7pt>
File: figures/electricity-base-lstm-rmse.png Graphic file (type png)
<use figures/electricity-base-lstm-rmse.png>
Package pdftex.def Info: figures/electricity-base-lstm-rmse.png  used on input line 881.
(pdftex.def)             Requested size: 357.73405pt x 178.86604pt.
<figures/electricity-seg-lstm-smape.png, id=255, 1445.4pt x 722.7pt>
File: figures/electricity-seg-lstm-smape.png Graphic file (type png)
<use figures/electricity-seg-lstm-smape.png>
Package pdftex.def Info: figures/electricity-seg-lstm-smape.png  used on input line 888.
(pdftex.def)             Requested size: 357.73405pt x 178.86604pt.
<figures/electricity-seg-lstm-mae.png, id=256, 1445.4pt x 722.7pt>
File: figures/electricity-seg-lstm-mae.png Graphic file (type png)
<use figures/electricity-seg-lstm-mae.png>
Package pdftex.def Info: figures/electricity-seg-lstm-mae.png  used on input line 895.
(pdftex.def)             Requested size: 357.73405pt x 178.86604pt.
<figures/electricity-seg-lstm-rmse.png, id=257, 1445.4pt x 722.7pt>
File: figures/electricity-seg-lstm-rmse.png Graphic file (type png)
<use figures/electricity-seg-lstm-rmse.png>
Package pdftex.def Info: figures/electricity-seg-lstm-rmse.png  used on input line 902.
(pdftex.def)             Requested size: 357.73405pt x 178.86604pt.
 [10] [11 <./figures/hospital-base-lstm-mae.png>]
> Step: init table outer spec.
> Step: parse table options.
> Step: split table.
> Step: init table inner spec.
> Step: parse table inner spec.
> Step: execute table commands.
> Step: calculate cell and line sizes.
> Step: build the whole table.
 [12 <./figures/hospital-base-lstm-rmse.png> <./figures/hospital-seg-lstm-smape.png>] [13 <./figures/hospital-seg-lstm-mae.png> <./figures/hospital-seg-lstm-rmse.png> <./figures/tourism-base-lstm-mae.png>] [14 <./figures/tourism-base-lstm-rmse.png> <./figures/tourism-seg-lstm-smape.png> <./figures/tourism-seg-lstm-mae.png>] [15 <./figures/tourism-seg-lstm-rmse.png> <./figures/traffic-base-lstm-mae.png> <./figures/traffic-base-lstm-rmse.png>] [16 <./figures/traffic-seg-lstm-smape.png> <./figures/traffic-seg-lstm-mae.png> <./figures/traffic-seg-lstm-rmse.png>] [17 <./figures/electricity-base-lstm-mae.png> <./figures/electricity-base-lstm-rmse.png> <./figures/electricity-seg-lstm-smape.png>] [18 <./figures/electricity-seg-lstm-mae.png> <./figures/electricity-seg-lstm-rmse.png>] (./rnn-covariates.aux)
 ***********
LaTeX2e <2023-11-01> patch level 1
L3 programming layer <2024-02-20>
 ***********
Package rerunfilecheck Info: File `rnn-covariates.out' has not changed.
(rerunfilecheck)             Checksum: C45DAB516A22DFB9D0B9E0A203A89C14;3299.
 ) 
Here is how much of TeX's memory you used:
 15525 strings out of 474116
 285132 string characters out of 5743682
 1981187 words of memory out of 5000000
 37584 multiletter control sequences out of 15000+600000
 580815 words of font info for 78 fonts, out of 8000000 for 9000
 1141 hyphenation exceptions out of 8191
 75i,14n,99p,429b,655s stack positions out of 10000i,1000n,20000p,200000b,200000s
</usr/local/texlive/2024/texmf-dist/fonts/type1/public/amsfonts/cm/cmbx10.pfb></usr/local/texlive/2024/texmf-dist/fonts/type1/public/amsfonts/cm/cmbx7.pfb></usr/local/texlive/2024/texmf-dist/fonts/type1/public/amsfonts/cm/cmex10.pfb></usr/local/texlive/2024/texmf-dist/fonts/type1/public/amsfonts/cm/cmmi10.pfb></usr/local/texlive/2024/texmf-dist/fonts/type1/public/amsfonts/cm/cmmi7.pfb></usr/local/texlive/2024/texmf-dist/fonts/type1/public/amsfonts/cm/cmmi9.pfb></usr/local/texlive/2024/texmf-dist/fonts/type1/public/amsfonts/cm/cmr10.pfb></usr/local/texlive/2024/texmf-dist/fonts/type1/public/amsfonts/cm/cmr7.pfb></usr/local/texlive/2024/texmf-dist/fonts/type1/public/amsfonts/cm/cmsy10.pfb></usr/local/texlive/2024/texmf-dist/fonts/type1/public/amsfonts/cm/cmsy6.pfb></usr/local/texlive/2024/texmf-dist/fonts/type1/public/amsfonts/cm/cmsy9.pfb></usr/local/texlive/2024/texmf-dist/fonts/type1/public/amsfonts/cm/cmtt10.pfb></usr/local/texlive/2024/texmf-dist/fonts/type1/urw/times/utmb8a.pfb></usr/local/texlive/2024/texmf-dist/fonts/type1/urw/times/utmr8a.pfb></usr/local/texlive/2024/texmf-dist/fonts/type1/urw/times/utmri8a.pfb>
Output written on rnn-covariates.pdf (18 pages, 1970813 bytes).
PDF statistics:
 428 PDF objects out of 1000 (max. 8388607)
 323 compressed objects within 4 object streams
 98 named destinations out of 1000 (max. 500000)
 318 words of extra memory for PDF output out of 10000 (max. 10000000)

