\BOOKMARK [1][-]{section.1}{\376\377\000I\000n\000t\000r\000o\000d\000u\000c\000t\000i\000o\000n}{}% 1
\BOOKMARK [1][-]{section.2}{\376\377\000R\000e\000l\000a\000t\000e\000d\000\040\000W\000o\000r\000k}{}% 2
\BOOKMARK [1][-]{section.3}{\376\377\000M\000e\000t\000h\000o\000d\000o\000l\000o\000g\000y}{}% 3
\BOOKMARK [2][-]{subsection.3.1}{\376\377\000P\000r\000o\000b\000l\000e\000m\000\040\000S\000t\000a\000t\000e\000m\000e\000n\000t}{section.3}% 4
\BOOKMARK [2][-]{subsection.3.2}{\376\377\000D\000a\000t\000a\000s\000e\000t\000s}{section.3}% 5
\BOOKMARK [2][-]{subsection.3.3}{\376\377\000C\000o\000v\000a\000r\000i\000a\000t\000e\000\040\000D\000a\000t\000a\000\040\000A\000u\000g\000m\000e\000n\000t\000a\000t\000i\000o\000n}{section.3}% 6
\BOOKMARK [2][-]{subsection.3.4}{\376\377\000M\000o\000d\000e\000l\000\040\000a\000r\000c\000h\000i\000t\000e\000c\000t\000u\000r\000e\000s}{section.3}% 7
\BOOKMARK [3][-]{subsubsection.3.4.1}{\376\377\000B\000a\000s\000e\000l\000i\000n\000e\000\040\000m\000o\000d\000e\000l\000\040\000\050\000b\000a\000s\000e\000-\000l\000s\000t\000m\000\051}{subsection.3.4}% 8
\BOOKMARK [3][-]{subsubsection.3.4.2}{\376\377\000S\000e\000g\000m\000e\000n\000t\000\040\000m\000o\000d\000e\000l\000\040\000\050\000s\000e\000g\000-\000l\000s\000t\000m\000\051}{subsection.3.4}% 9
\BOOKMARK [2][-]{subsection.3.5}{\376\377\000E\000v\000a\000l\000u\000a\000t\000i\000o\000n\000\040\000M\000e\000t\000r\000i\000c\000s}{section.3}% 10
\BOOKMARK [1][-]{section.4}{\376\377\000E\000x\000p\000e\000r\000i\000m\000e\000n\000t\000a\000l\000\040\000S\000e\000t\000u\000p}{}% 11
\BOOKMARK [2][-]{subsection.4.1}{\376\377\000D\000a\000t\000a\000\040\000P\000r\000o\000c\000e\000s\000s\000i\000n\000g}{section.4}% 12
\BOOKMARK [2][-]{subsection.4.2}{\376\377\000T\000r\000a\000i\000n\000i\000n\000g}{section.4}% 13
\BOOKMARK [2][-]{subsection.4.3}{\376\377\000E\000x\000p\000e\000r\000i\000m\000e\000n\000t\000a\000l\000\040\000P\000r\000o\000c\000e\000d\000u\000r\000e}{section.4}% 14
\BOOKMARK [1][-]{section.5}{\376\377\000R\000e\000s\000u\000l\000t\000s}{}% 15
\BOOKMARK [2][-]{subsection.5.1}{\376\377\000C\000o\000v\000a\000r\000i\000a\000t\000e\000s}{section.5}% 16
\BOOKMARK [3][-]{subsubsection.5.1.1}{\376\377\000C\000o\000m\000p\000a\000r\000i\000n\000g\000\040\000P\000C\000C\000\040\000a\000t\000\040\000f\000o\000r\000e\000c\000a\000s\000t\000\040\000h\000o\000r\000i\000z\000o\000n\000s\000\040\000=\000\040\000k}{subsection.5.1}% 17
\BOOKMARK [3][-]{subsubsection.5.1.2}{\376\377\000C\000o\000m\000p\000a\000r\000i\000n\000g\000\040\000P\000C\000C\000\040\000o\000v\000e\000r\000\040\000l\000o\000n\000g\000e\000r\000\040\000f\000o\000r\000e\000c\000a\000s\000t\000\040\000h\000o\000r\000i\000z\000o\000n\000\040\000t\000r\000a\000j\000e\000c\000t\000o\000r\000i\000e\000s}{subsection.5.1}% 18
\BOOKMARK [3][-]{subsubsection.5.1.3}{\376\377\000C\000o\000m\000p\000a\000r\000i\000n\000g\000\040\000b\000a\000s\000e\000-\000l\000s\000t\000m\000\040\000a\000n\000d\000\040\000s\000e\000g\000-\000l\000s\000t\000m\000\040\000p\000e\000r\000f\000o\000r\000m\000a\000n\000c\000e}{subsection.5.1}% 19
\BOOKMARK [3][-]{subsubsection.5.1.4}{\376\377\000C\000o\000m\000p\000a\000r\000i\000n\000g\000\040\000c\000o\000v\000a\000r\000i\000a\000t\000e\000s\000\040\000a\000c\000r\000o\000s\000s\000\040\000F\000o\000r\000e\000c\000a\000s\000t\000\040\000H\000o\000r\000i\000z\000o\000n\000\040\000t\000r\000a\000j\000e\000c\000t\000o\000r\000i\000e\000s}{subsection.5.1}% 20
\BOOKMARK [1][-]{section.6}{\376\377\000D\000i\000s\000c\000u\000s\000s\000i\000o\000n}{}% 21
\BOOKMARK [1][-]{appendix.A}{\376\377\000A\000p\000p\000e\000n\000d\000i\000x\000\040\000/\000\040\000s\000u\000p\000p\000l\000e\000m\000e\000n\000t\000a\000l\000\040\000m\000a\000t\000e\000r\000i\000a\000l}{}% 22
\BOOKMARK [2][-]{subsection.A.1}{\376\377\000D\000a\000t\000a\000s\000e\000t\000s}{appendix.A}% 23
\BOOKMARK [2][-]{subsection.A.2}{\376\377\000h\000y\000p\000e\000r\000p\000a\000r\000a\000m\000e\000t\000e\000r\000s}{appendix.A}% 24
\BOOKMARK [2][-]{subsection.A.3}{\376\377\000C\000o\000m\000p\000u\000t\000a\000t\000i\000o\000n\000a\000l\000\040\000D\000e\000t\000a\000i\000l\000s}{appendix.A}% 25
\BOOKMARK [2][-]{subsection.A.4}{\376\377\000S\000o\000u\000r\000c\000e\000\040\000C\000o\000d\000e}{appendix.A}% 26
\BOOKMARK [2][-]{subsection.A.5}{\376\377\000A\000d\000d\000i\000t\000i\000o\000n\000a\000l\000\040\000R\000e\000s\000u\000l\000t\000s}{appendix.A}% 27
